2025-06-05 13:14:52 - app.core.app - INFO - Application created successfully - AI Risk Management & Compliance System v1.0.0
2025-06-05 13:14:53 - app.core.app - INFO - Application created successfully - AI Risk Management & Compliance System v1.0.0
2025-06-05 13:14:53 - app.core.app - INFO - Application created successfully - AI Risk Management & Compliance System v1.0.0
2025-06-05 13:14:53 - app.core.app - INFO - Application created successfully - AI Risk Management & Compliance System v1.0.0
2025-06-05 13:14:53 - watchfiles.main - INFO - 4 changes detected
2025-06-05 13:14:54 - watchfiles.main - INFO - 1 change detected
2025-06-05 13:14:54 - watchfiles.main - INFO - 1 change detected
2025-06-05 13:14:54 - watchfiles.main - INFO - 1 change detected
2025-06-05 13:14:55 - watchfiles.main - INFO - 1 change detected
2025-06-05 13:14:55 - watchfiles.main - INFO - 1 change detected
2025-06-05 13:14:55 - watchfiles.main - INFO - 1 change detected
2025-06-05 13:14:56 - watchfiles.main - INFO - 1 change detected
2025-06-05 13:14:56 - watchfiles.main - INFO - 1 change detected
2025-06-05 13:14:57 - watchfiles.main - INFO - 1 change detected
2025-06-05 13:14:57 - watchfiles.main - INFO - 1 change detected
2025-06-05 13:14:57 - watchfiles.main - INFO - 1 change detected
2025-06-05 13:14:58 - watchfiles.main - INFO - 1 change detected
2025-06-05 13:14:58 - watchfiles.main - INFO - 1 change detected
2025-06-05 13:14:58 - watchfiles.main - INFO - 1 change detected
2025-06-05 13:14:59 - watchfiles.main - INFO - 1 change detected
2025-06-05 13:14:59 - app.middleware.security - INFO - Request: GET /health from 127.0.0.1 - 200 (0.000s)
2025-06-05 13:14:59 - app.middleware.security - INFO - Request: GET /health from 127.0.0.1 - 200 (0.000s)
2025-06-05 13:14:59 - watchfiles.main - INFO - 1 change detected
2025-06-05 13:14:59 - watchfiles.main - INFO - 1 change detected
2025-06-05 13:15:00 - watchfiles.main - INFO - 1 change detected
2025-06-05 13:15:00 - watchfiles.main - INFO - 1 change detected
2025-06-05 13:15:00 - watchfiles.main - INFO - 1 change detected
2025-06-05 13:15:01 - watchfiles.main - INFO - 1 change detected
2025-06-05 13:15:01 - watchfiles.main - INFO - 1 change detected
2025-06-05 13:15:01 - watchfiles.main - INFO - 1 change detected
2025-06-05 13:15:02 - watchfiles.main - INFO - 1 change detected
2025-06-05 13:15:02 - watchfiles.main - INFO - 1 change detected
2025-06-05 13:15:02 - watchfiles.main - INFO - 1 change detected
2025-06-05 13:15:03 - watchfiles.main - INFO - 1 change detected
2025-06-05 13:15:03 - watchfiles.main - INFO - 1 change detected
2025-06-05 13:15:04 - watchfiles.main - INFO - 1 change detected
2025-06-05 13:15:04 - watchfiles.main - INFO - 1 change detected
2025-06-05 13:15:04 - watchfiles.main - INFO - 1 change detected
2025-06-05 13:15:05 - watchfiles.main - INFO - 1 change detected
2025-06-05 13:15:05 - watchfiles.main - INFO - 1 change detected
2025-06-05 13:15:05 - watchfiles.main - INFO - 1 change detected
2025-06-05 13:15:06 - watchfiles.main - INFO - 1 change detected
2025-06-05 13:15:06 - watchfiles.main - INFO - 1 change detected
2025-06-05 13:15:06 - watchfiles.main - INFO - 1 change detected
2025-06-05 13:15:07 - watchfiles.main - INFO - 1 change detected
2025-06-05 13:15:07 - watchfiles.main - INFO - 1 change detected
2025-06-05 13:15:07 - watchfiles.main - INFO - 1 change detected
2025-06-05 13:15:08 - watchfiles.main - INFO - 1 change detected
2025-06-05 13:15:08 - watchfiles.main - INFO - 1 change detected
2025-06-05 13:15:08 - watchfiles.main - INFO - 1 change detected
2025-06-05 13:15:09 - watchfiles.main - INFO - 1 change detected
2025-06-05 13:15:09 - watchfiles.main - INFO - 1 change detected
2025-06-05 13:15:09 - watchfiles.main - INFO - 1 change detected
2025-06-05 13:15:10 - watchfiles.main - INFO - 1 change detected
2025-06-05 13:15:10 - watchfiles.main - INFO - 1 change detected
2025-06-05 13:15:11 - watchfiles.main - INFO - 1 change detected
2025-06-05 13:15:11 - watchfiles.main - INFO - 1 change detected
2025-06-05 13:15:11 - watchfiles.main - INFO - 1 change detected
2025-06-05 13:15:12 - watchfiles.main - INFO - 1 change detected
2025-06-05 13:15:12 - watchfiles.main - INFO - 1 change detected
2025-06-05 13:15:12 - watchfiles.main - INFO - 1 change detected
2025-06-05 13:15:13 - watchfiles.main - INFO - 1 change detected
2025-06-05 13:15:13 - watchfiles.main - INFO - 1 change detected
2025-06-05 13:15:13 - watchfiles.main - INFO - 1 change detected
2025-06-05 13:15:14 - watchfiles.main - INFO - 1 change detected
2025-06-05 13:15:14 - watchfiles.main - INFO - 1 change detected
2025-06-05 13:15:14 - watchfiles.main - INFO - 1 change detected
2025-06-05 13:15:15 - watchfiles.main - INFO - 1 change detected
2025-06-05 13:15:15 - watchfiles.main - INFO - 1 change detected
2025-06-05 13:15:15 - watchfiles.main - INFO - 1 change detected
2025-06-05 13:15:16 - watchfiles.main - INFO - 1 change detected
2025-06-05 13:15:16 - watchfiles.main - INFO - 1 change detected
2025-06-05 13:15:16 - watchfiles.main - INFO - 1 change detected
2025-06-05 13:15:17 - watchfiles.main - INFO - 1 change detected
2025-06-05 13:15:17 - watchfiles.main - INFO - 1 change detected
2025-06-05 13:15:18 - watchfiles.main - INFO - 1 change detected
2025-06-05 13:15:18 - watchfiles.main - INFO - 1 change detected
2025-06-05 13:15:18 - watchfiles.main - INFO - 1 change detected
2025-06-05 13:15:19 - watchfiles.main - INFO - 1 change detected
2025-06-05 13:15:19 - watchfiles.main - INFO - 1 change detected
2025-06-05 13:15:19 - watchfiles.main - INFO - 1 change detected
2025-06-05 13:15:20 - watchfiles.main - INFO - 1 change detected
2025-06-05 13:15:20 - watchfiles.main - INFO - 1 change detected
2025-06-05 13:15:20 - watchfiles.main - INFO - 1 change detected
2025-06-05 13:15:21 - watchfiles.main - INFO - 1 change detected
2025-06-05 13:15:21 - watchfiles.main - INFO - 1 change detected
2025-06-05 13:15:21 - watchfiles.main - INFO - 1 change detected
2025-06-05 13:15:22 - watchfiles.main - INFO - 1 change detected
2025-06-05 13:15:22 - watchfiles.main - INFO - 1 change detected
2025-06-05 13:15:22 - watchfiles.main - INFO - 1 change detected
2025-06-05 13:15:23 - watchfiles.main - INFO - 1 change detected
2025-06-05 13:15:23 - watchfiles.main - INFO - 1 change detected
2025-06-05 13:15:24 - watchfiles.main - INFO - 1 change detected
2025-06-05 13:15:24 - watchfiles.main - INFO - 1 change detected
2025-06-05 13:15:24 - watchfiles.main - INFO - 1 change detected
2025-06-05 13:15:24 - app.middleware.security - INFO - Request: GET / from 127.0.0.1 - 200 (0.000s)
2025-06-05 13:15:24 - app.middleware.security - INFO - Request: GET / from 127.0.0.1 - 200 (0.000s)
2025-06-05 13:15:25 - watchfiles.main - INFO - 1 change detected
2025-06-05 13:15:25 - watchfiles.main - INFO - 1 change detected
2025-06-05 13:15:25 - watchfiles.main - INFO - 1 change detected
2025-06-05 13:15:26 - watchfiles.main - INFO - 1 change detected
2025-06-05 13:15:26 - watchfiles.main - INFO - 1 change detected
2025-06-05 13:15:26 - watchfiles.main - INFO - 1 change detected
2025-06-05 13:15:27 - watchfiles.main - INFO - 1 change detected
2025-06-05 13:15:27 - watchfiles.main - INFO - 1 change detected
2025-06-05 13:15:27 - watchfiles.main - INFO - 1 change detected
2025-06-05 13:15:28 - watchfiles.main - INFO - 1 change detected
2025-06-05 13:15:28 - watchfiles.main - INFO - 1 change detected
2025-06-05 13:15:28 - watchfiles.main - INFO - 1 change detected
2025-06-05 13:15:29 - watchfiles.main - INFO - 1 change detected
2025-06-05 13:15:29 - passlib.handlers.bcrypt - WARNING - (trapped) error reading bcrypt version
Traceback (most recent call last):
  File "/openhands/poetry/openhands-ai-5O4_aCHf-py3.12/lib/python3.12/site-packages/passlib/handlers/bcrypt.py", line 620, in _load_backend_mixin
    version = _bcrypt.__about__.__version__
              ^^^^^^^^^^^^^^^^^
AttributeError: module 'bcrypt' has no attribute '__about__'
2025-06-05 13:15:29 - passlib.handlers.bcrypt - WARNING - (trapped) error reading bcrypt version
Traceback (most recent call last):
  File "/openhands/poetry/openhands-ai-5O4_aCHf-py3.12/lib/python3.12/site-packages/passlib/handlers/bcrypt.py", line 620, in _load_backend_mixin
    version = _bcrypt.__about__.__version__
              ^^^^^^^^^^^^^^^^^
AttributeError: module 'bcrypt' has no attribute '__about__'
2025-06-05 13:15:29 - watchfiles.main - INFO - 1 change detected
2025-06-05 13:15:29 - app.api.v1.endpoints.auth - INFO - Successful login for user: admin
2025-06-05 13:15:29 - app.api.v1.endpoints.auth - INFO - Successful login for user: admin
2025-06-05 13:15:29 - app.middleware.security - INFO - Request: POST /api/v1/auth/login from 127.0.0.1 - 200 (0.302s)
2025-06-05 13:15:29 - app.middleware.security - INFO - Request: POST /api/v1/auth/login from 127.0.0.1 - 200 (0.302s)
2025-06-05 13:15:29 - audit - INFO - SENSITIVE_OPERATION: {"timestamp": 1749129329.7780993, "client_ip": "127.0.0.1", "user_agent": "curl/7.88.1", "method": "POST", "path": "/api/v1/auth/login", "query_params": {}, "status_code": 200, "process_time": 0.303, "user_info": null, "request_size": "32", "response_size": "575", "security_flags": {"authentication_required": true, "sensitive_operation": true, "admin_operation": false, "data_modification": true}}
2025-06-05 13:15:29 - audit - INFO - SENSITIVE_OPERATION: {"timestamp": 1749129329.7780993, "client_ip": "127.0.0.1", "user_agent": "curl/7.88.1", "method": "POST", "path": "/api/v1/auth/login", "query_params": {}, "status_code": 200, "process_time": 0.303, "user_info": null, "request_size": "32", "response_size": "575", "security_flags": {"authentication_required": true, "sensitive_operation": true, "admin_operation": false, "data_modification": true}}
2025-06-05 13:15:29 - watchfiles.main - INFO - 5 changes detected
2025-06-05 13:15:30 - watchfiles.main - INFO - 1 change detected
2025-06-05 13:15:30 - watchfiles.main - INFO - 1 change detected
2025-06-05 13:15:31 - watchfiles.main - INFO - 1 change detected
2025-06-05 13:15:31 - watchfiles.main - INFO - 1 change detected
2025-06-05 13:15:31 - watchfiles.main - INFO - 1 change detected
2025-06-05 13:15:32 - watchfiles.main - INFO - 1 change detected
2025-06-05 13:15:32 - watchfiles.main - INFO - 1 change detected
2025-06-05 13:15:32 - watchfiles.main - INFO - 1 change detected
2025-06-05 13:15:33 - watchfiles.main - INFO - 1 change detected
2025-06-05 13:15:33 - watchfiles.main - INFO - 1 change detected
2025-06-05 13:15:33 - watchfiles.main - INFO - 1 change detected
2025-06-05 13:15:34 - watchfiles.main - INFO - 1 change detected
2025-06-05 13:15:34 - watchfiles.main - INFO - 1 change detected
2025-06-05 13:15:34 - watchfiles.main - INFO - 1 change detected
2025-06-05 13:15:35 - watchfiles.main - INFO - 1 change detected
2025-06-05 13:15:35 - watchfiles.main - INFO - 1 change detected
2025-06-05 13:15:35 - watchfiles.main - INFO - 1 change detected
2025-06-05 13:15:36 - watchfiles.main - INFO - 1 change detected
2025-06-05 13:15:36 - watchfiles.main - INFO - 1 change detected
2025-06-05 13:15:36 - watchfiles.main - INFO - 1 change detected
2025-06-05 13:15:37 - watchfiles.main - INFO - 1 change detected
2025-06-05 13:15:37 - watchfiles.main - INFO - 1 change detected
2025-06-05 13:15:38 - watchfiles.main - INFO - 1 change detected
2025-06-05 13:15:38 - watchfiles.main - INFO - 1 change detected
2025-06-05 13:15:38 - watchfiles.main - INFO - 1 change detected
2025-06-05 13:15:39 - watchfiles.main - INFO - 1 change detected
2025-06-05 13:15:39 - watchfiles.main - INFO - 1 change detected
2025-06-05 13:15:39 - watchfiles.main - INFO - 1 change detected
2025-06-05 13:15:40 - watchfiles.main - INFO - 1 change detected
2025-06-05 13:15:40 - watchfiles.main - INFO - 1 change detected
2025-06-05 13:15:40 - watchfiles.main - INFO - 1 change detected
2025-06-05 13:15:41 - watchfiles.main - INFO - 1 change detected
2025-06-05 13:15:41 - watchfiles.main - INFO - 1 change detected
2025-06-05 13:15:41 - watchfiles.main - INFO - 1 change detected
2025-06-05 13:15:42 - watchfiles.main - INFO - 1 change detected
2025-06-05 13:15:42 - watchfiles.main - INFO - 1 change detected
2025-06-05 13:15:42 - watchfiles.main - INFO - 1 change detected
2025-06-05 13:15:43 - watchfiles.main - INFO - 1 change detected
2025-06-05 13:15:43 - watchfiles.main - INFO - 1 change detected
2025-06-05 13:15:43 - watchfiles.main - INFO - 1 change detected
2025-06-05 13:15:44 - watchfiles.main - INFO - 1 change detected
2025-06-05 13:15:44 - watchfiles.main - INFO - 1 change detected
2025-06-05 13:15:45 - watchfiles.main - INFO - 1 change detected
2025-06-05 13:15:45 - watchfiles.main - INFO - 1 change detected
2025-06-05 13:15:45 - watchfiles.main - INFO - 1 change detected
2025-06-05 13:15:46 - watchfiles.main - INFO - 1 change detected
2025-06-05 13:15:46 - watchfiles.main - INFO - 1 change detected
2025-06-05 13:15:46 - watchfiles.main - INFO - 1 change detected
2025-06-05 13:15:47 - watchfiles.main - INFO - 1 change detected
2025-06-05 13:15:47 - watchfiles.main - INFO - 1 change detected
2025-06-05 13:15:47 - watchfiles.main - INFO - 1 change detected
2025-06-05 13:15:48 - watchfiles.main - INFO - 1 change detected
2025-06-05 13:15:48 - watchfiles.main - INFO - 1 change detected
2025-06-05 13:15:48 - watchfiles.main - INFO - 1 change detected
2025-06-05 13:15:49 - watchfiles.main - INFO - 1 change detected
2025-06-05 13:15:49 - watchfiles.main - INFO - 1 change detected
2025-06-05 13:15:49 - watchfiles.main - INFO - 1 change detected
2025-06-05 13:15:50 - watchfiles.main - INFO - 1 change detected
2025-06-05 13:15:50 - watchfiles.main - INFO - 1 change detected
2025-06-05 13:15:51 - watchfiles.main - INFO - 1 change detected
2025-06-05 13:15:51 - watchfiles.main - INFO - 1 change detected
2025-06-05 13:15:51 - watchfiles.main - INFO - 1 change detected
2025-06-05 13:15:52 - watchfiles.main - INFO - 1 change detected
2025-06-05 13:15:52 - watchfiles.main - INFO - 1 change detected
2025-06-05 13:15:52 - watchfiles.main - INFO - 1 change detected
2025-06-05 13:15:53 - watchfiles.main - INFO - 1 change detected
2025-06-05 13:15:53 - watchfiles.main - INFO - 1 change detected
2025-06-05 13:15:53 - watchfiles.main - INFO - 1 change detected
2025-06-05 13:15:54 - watchfiles.main - INFO - 1 change detected
2025-06-05 13:15:54 - watchfiles.main - INFO - 1 change detected
2025-06-05 13:15:54 - watchfiles.main - INFO - 1 change detected
2025-06-05 13:15:55 - watchfiles.main - INFO - 1 change detected
2025-06-05 13:15:55 - watchfiles.main - INFO - 1 change detected
2025-06-05 13:15:55 - watchfiles.main - INFO - 1 change detected
2025-06-05 13:15:56 - watchfiles.main - INFO - 1 change detected
2025-06-05 13:15:56 - watchfiles.main - INFO - 1 change detected
2025-06-05 13:15:56 - watchfiles.main - INFO - 1 change detected
2025-06-05 13:15:57 - watchfiles.main - INFO - 1 change detected
2025-06-05 13:15:57 - watchfiles.main - INFO - 1 change detected
2025-06-05 13:15:58 - watchfiles.main - INFO - 1 change detected
2025-06-05 13:15:58 - watchfiles.main - INFO - 1 change detected
2025-06-05 13:15:58 - watchfiles.main - INFO - 1 change detected
2025-06-05 13:15:59 - watchfiles.main - INFO - 1 change detected
2025-06-05 13:15:59 - watchfiles.main - INFO - 1 change detected
2025-06-05 13:15:59 - watchfiles.main - INFO - 1 change detected
2025-06-05 13:16:00 - watchfiles.main - INFO - 1 change detected
2025-06-05 13:16:00 - watchfiles.main - INFO - 1 change detected
2025-06-05 13:16:00 - watchfiles.main - INFO - 1 change detected
2025-06-05 13:16:01 - watchfiles.main - INFO - 1 change detected
2025-06-05 13:16:01 - watchfiles.main - INFO - 1 change detected
2025-06-05 13:16:01 - watchfiles.main - INFO - 1 change detected
2025-06-05 13:16:02 - watchfiles.main - INFO - 1 change detected
2025-06-05 13:16:02 - watchfiles.main - INFO - 1 change detected
2025-06-05 13:16:02 - watchfiles.main - INFO - 1 change detected
2025-06-05 13:16:03 - watchfiles.main - INFO - 1 change detected
2025-06-05 13:16:03 - watchfiles.main - INFO - 1 change detected
2025-06-05 13:16:03 - watchfiles.main - INFO - 1 change detected
2025-06-05 13:16:04 - watchfiles.main - INFO - 1 change detected
2025-06-05 13:16:04 - watchfiles.main - INFO - 1 change detected
2025-06-05 13:16:05 - watchfiles.main - INFO - 1 change detected
2025-06-05 13:16:05 - watchfiles.main - INFO - 1 change detected
2025-06-05 13:16:05 - watchfiles.main - INFO - 1 change detected
2025-06-05 13:16:06 - watchfiles.main - INFO - 1 change detected
2025-06-05 13:16:06 - watchfiles.main - INFO - 1 change detected
2025-06-05 13:16:06 - watchfiles.main - INFO - 1 change detected
2025-06-05 13:16:07 - watchfiles.main - INFO - 1 change detected
2025-06-05 13:16:07 - watchfiles.main - INFO - 1 change detected
2025-06-05 13:16:07 - watchfiles.main - INFO - 1 change detected
2025-06-05 13:16:08 - watchfiles.main - INFO - 1 change detected
2025-06-05 13:16:08 - watchfiles.main - INFO - 1 change detected
2025-06-05 13:16:08 - watchfiles.main - INFO - 1 change detected
2025-06-05 13:16:09 - watchfiles.main - INFO - 1 change detected
2025-06-05 13:16:09 - watchfiles.main - INFO - 1 change detected
2025-06-05 13:16:09 - watchfiles.main - INFO - 1 change detected
2025-06-05 13:16:10 - watchfiles.main - INFO - 1 change detected
2025-06-05 13:16:10 - watchfiles.main - INFO - 1 change detected
2025-06-05 13:16:10 - watchfiles.main - INFO - 1 change detected
2025-06-05 13:16:11 - watchfiles.main - INFO - 1 change detected
2025-06-05 13:16:11 - watchfiles.main - INFO - 1 change detected
2025-06-05 13:16:12 - watchfiles.main - INFO - 1 change detected
2025-06-05 13:16:12 - watchfiles.main - INFO - 1 change detected
2025-06-05 13:16:12 - watchfiles.main - INFO - 1 change detected
2025-06-05 13:16:13 - watchfiles.main - INFO - 1 change detected
2025-06-05 13:16:13 - watchfiles.main - INFO - 1 change detected
2025-06-05 13:16:13 - watchfiles.main - INFO - 1 change detected
2025-06-05 13:16:14 - watchfiles.main - INFO - 1 change detected
2025-06-05 13:16:14 - watchfiles.main - INFO - 1 change detected
2025-06-05 13:16:14 - watchfiles.main - INFO - 1 change detected
2025-06-05 13:16:15 - watchfiles.main - INFO - 1 change detected
2025-06-05 13:16:15 - watchfiles.main - INFO - 1 change detected
2025-06-05 13:16:15 - watchfiles.main - INFO - 1 change detected
2025-06-05 13:16:16 - watchfiles.main - INFO - 1 change detected
2025-06-05 13:16:16 - watchfiles.main - INFO - 1 change detected
2025-06-05 13:16:16 - watchfiles.main - INFO - 1 change detected
2025-06-05 13:16:17 - watchfiles.main - INFO - 1 change detected
2025-06-05 13:16:17 - watchfiles.main - INFO - 1 change detected
2025-06-05 13:16:18 - watchfiles.main - INFO - 1 change detected
2025-06-05 13:16:18 - watchfiles.main - INFO - 1 change detected
2025-06-05 13:16:18 - watchfiles.main - INFO - 1 change detected
2025-06-05 13:16:19 - watchfiles.main - INFO - 1 change detected
2025-06-05 13:16:19 - watchfiles.main - INFO - 1 change detected
2025-06-05 13:16:19 - watchfiles.main - INFO - 1 change detected
2025-06-05 13:16:20 - watchfiles.main - INFO - 1 change detected
2025-06-05 13:16:20 - watchfiles.main - INFO - 1 change detected
2025-06-05 13:16:20 - watchfiles.main - INFO - 1 change detected
2025-06-05 13:16:21 - watchfiles.main - INFO - 1 change detected
2025-06-05 13:16:21 - watchfiles.main - INFO - 1 change detected
2025-06-05 13:16:21 - watchfiles.main - INFO - 1 change detected
2025-06-05 13:16:22 - watchfiles.main - INFO - 1 change detected
2025-06-05 13:16:22 - watchfiles.main - INFO - 1 change detected
2025-06-05 13:16:22 - watchfiles.main - INFO - 1 change detected
2025-06-05 13:16:23 - watchfiles.main - INFO - 1 change detected
2025-06-05 13:16:23 - watchfiles.main - INFO - 1 change detected
2025-06-05 13:16:23 - watchfiles.main - INFO - 1 change detected
2025-06-05 13:16:24 - watchfiles.main - INFO - 1 change detected
2025-06-05 13:16:24 - watchfiles.main - INFO - 2 changes detected
2025-06-05 13:16:25 - watchfiles.main - INFO - 1 change detected
2025-06-05 13:16:25 - watchfiles.main - INFO - 1 change detected
2025-06-05 13:16:25 - watchfiles.main - INFO - 1 change detected
2025-06-05 13:16:26 - watchfiles.main - INFO - 1 change detected
2025-06-05 13:16:26 - watchfiles.main - INFO - 1 change detected
2025-06-05 13:16:26 - watchfiles.main - INFO - 1 change detected
2025-06-05 13:16:27 - watchfiles.main - INFO - 1 change detected
2025-06-05 13:16:27 - app.middleware.security - INFO - Request: GET / from 10.1.0.26 - 200 (0.001s)
2025-06-05 13:16:27 - app.middleware.security - INFO - Request: GET / from 10.1.0.26 - 200 (0.001s)
2025-06-05 13:16:27 - watchfiles.main - INFO - 1 change detected
2025-06-05 13:16:27 - watchfiles.main - INFO - 1 change detected
2025-06-05 13:16:28 - watchfiles.main - INFO - 1 change detected
2025-06-05 13:16:28 - watchfiles.main - INFO - 1 change detected
2025-06-05 13:16:28 - app.middleware.security - INFO - Request: GET / from 10.1.0.224 - 200 (0.000s)
2025-06-05 13:16:28 - app.middleware.security - INFO - Request: GET / from 10.1.0.224 - 200 (0.000s)
2025-06-05 13:16:28 - watchfiles.main - INFO - 1 change detected
2025-06-05 13:16:29 - watchfiles.main - INFO - 1 change detected
2025-06-05 13:16:29 - watchfiles.main - INFO - 1 change detected
2025-06-05 13:16:29 - watchfiles.main - INFO - 1 change detected
2025-06-05 13:16:30 - watchfiles.main - INFO - 1 change detected
2025-06-05 13:16:30 - watchfiles.main - INFO - 1 change detected
2025-06-05 13:16:30 - watchfiles.main - INFO - 1 change detected
2025-06-05 13:16:31 - watchfiles.main - INFO - 1 change detected
2025-06-05 13:16:31 - watchfiles.main - INFO - 1 change detected
2025-06-05 13:16:32 - watchfiles.main - INFO - 1 change detected
2025-06-05 13:16:32 - watchfiles.main - INFO - 1 change detected
2025-06-05 13:16:32 - watchfiles.main - INFO - 1 change detected
2025-06-05 13:16:33 - watchfiles.main - INFO - 1 change detected
2025-06-05 13:16:33 - watchfiles.main - INFO - 1 change detected
2025-06-05 13:16:33 - watchfiles.main - INFO - 1 change detected
2025-06-05 13:16:34 - watchfiles.main - INFO - 1 change detected
2025-06-05 13:16:34 - watchfiles.main - INFO - 1 change detected
2025-06-05 13:16:34 - watchfiles.main - INFO - 1 change detected
2025-06-05 13:16:35 - watchfiles.main - INFO - 1 change detected
2025-06-05 13:16:35 - watchfiles.main - INFO - 1 change detected
2025-06-05 13:16:35 - watchfiles.main - INFO - 1 change detected
2025-06-05 13:16:36 - watchfiles.main - INFO - 1 change detected
2025-06-05 13:16:36 - watchfiles.main - INFO - 1 change detected
2025-06-05 13:16:36 - watchfiles.main - INFO - 1 change detected
2025-06-05 13:16:37 - watchfiles.main - INFO - 1 change detected
2025-06-05 13:16:37 - watchfiles.main - INFO - 1 change detected
2025-06-05 13:16:37 - watchfiles.main - INFO - 1 change detected
2025-06-05 13:16:38 - watchfiles.main - INFO - 1 change detected
2025-06-05 13:16:38 - watchfiles.main - INFO - 1 change detected
2025-06-05 13:16:39 - watchfiles.main - INFO - 1 change detected
2025-06-05 13:16:39 - watchfiles.main - INFO - 1 change detected
2025-06-05 13:16:39 - watchfiles.main - INFO - 1 change detected
2025-06-05 13:16:40 - watchfiles.main - INFO - 1 change detected
2025-06-05 13:16:40 - watchfiles.main - INFO - 1 change detected
2025-06-05 13:16:40 - watchfiles.main - INFO - 1 change detected
2025-06-05 13:16:41 - watchfiles.main - INFO - 1 change detected
2025-06-05 13:16:41 - watchfiles.main - INFO - 1 change detected
2025-06-05 13:16:41 - watchfiles.main - INFO - 1 change detected
2025-06-05 13:16:42 - watchfiles.main - INFO - 1 change detected
2025-06-05 13:16:42 - watchfiles.main - INFO - 1 change detected
2025-06-05 13:16:42 - watchfiles.main - INFO - 1 change detected
2025-06-05 13:16:43 - watchfiles.main - INFO - 1 change detected
2025-06-05 13:16:43 - watchfiles.main - INFO - 1 change detected
2025-06-05 13:16:43 - watchfiles.main - INFO - 1 change detected
2025-06-05 13:16:44 - watchfiles.main - INFO - 1 change detected
2025-06-05 13:16:44 - watchfiles.main - INFO - 1 change detected
2025-06-05 13:16:44 - watchfiles.main - INFO - 1 change detected
2025-06-05 13:16:45 - watchfiles.main - INFO - 1 change detected
2025-06-05 13:16:45 - watchfiles.main - INFO - 1 change detected
2025-06-05 13:16:46 - watchfiles.main - INFO - 1 change detected
2025-06-05 13:16:46 - watchfiles.main - INFO - 1 change detected
2025-06-05 13:16:46 - watchfiles.main - INFO - 1 change detected
2025-06-05 13:16:47 - watchfiles.main - INFO - 1 change detected
2025-06-05 13:16:47 - watchfiles.main - INFO - 1 change detected
2025-06-05 13:16:47 - watchfiles.main - INFO - 1 change detected
2025-06-05 13:16:48 - watchfiles.main - INFO - 1 change detected
2025-06-05 13:16:48 - watchfiles.main - INFO - 1 change detected
2025-06-05 13:16:48 - watchfiles.main - INFO - 1 change detected
2025-06-05 13:16:49 - watchfiles.main - INFO - 1 change detected
2025-06-05 13:16:49 - watchfiles.main - INFO - 1 change detected
2025-06-05 13:16:49 - watchfiles.main - INFO - 1 change detected
2025-06-05 13:16:50 - watchfiles.main - INFO - 1 change detected
2025-06-05 13:16:50 - watchfiles.main - INFO - 1 change detected
2025-06-05 13:16:50 - watchfiles.main - INFO - 1 change detected
2025-06-05 13:16:51 - watchfiles.main - INFO - 1 change detected
2025-06-05 13:16:51 - watchfiles.main - INFO - 1 change detected
2025-06-05 13:16:52 - watchfiles.main - INFO - 1 change detected
2025-06-05 13:16:52 - watchfiles.main - INFO - 1 change detected
2025-06-05 13:16:52 - watchfiles.main - INFO - 1 change detected
2025-06-05 13:16:53 - watchfiles.main - INFO - 1 change detected
2025-06-05 13:16:53 - watchfiles.main - INFO - 1 change detected
2025-06-05 13:16:53 - watchfiles.main - INFO - 1 change detected
2025-06-05 13:16:54 - watchfiles.main - INFO - 1 change detected
2025-06-05 13:16:54 - watchfiles.main - INFO - 1 change detected
2025-06-05 13:16:54 - watchfiles.main - INFO - 1 change detected
2025-06-05 13:16:55 - watchfiles.main - INFO - 1 change detected
2025-06-05 13:16:55 - watchfiles.main - INFO - 1 change detected
2025-06-05 13:16:55 - watchfiles.main - INFO - 1 change detected
2025-06-05 13:16:56 - watchfiles.main - INFO - 1 change detected
2025-06-05 13:16:56 - watchfiles.main - INFO - 1 change detected
2025-06-05 13:16:56 - watchfiles.main - INFO - 1 change detected
2025-06-05 13:16:57 - watchfiles.main - INFO - 1 change detected
2025-06-05 13:16:57 - watchfiles.main - INFO - 1 change detected
2025-06-05 13:16:57 - watchfiles.main - INFO - 1 change detected
2025-06-05 13:16:58 - watchfiles.main - INFO - 1 change detected
2025-06-05 13:16:58 - watchfiles.main - INFO - 1 change detected
2025-06-05 13:16:59 - watchfiles.main - INFO - 1 change detected
2025-06-05 13:16:59 - watchfiles.main - INFO - 1 change detected
2025-06-05 13:16:59 - watchfiles.main - INFO - 1 change detected
2025-06-05 13:17:00 - watchfiles.main - INFO - 1 change detected
2025-06-05 13:17:00 - watchfiles.main - INFO - 1 change detected
2025-06-05 13:17:00 - watchfiles.main - INFO - 1 change detected
2025-06-05 13:17:01 - watchfiles.main - INFO - 1 change detected
2025-06-05 13:17:01 - watchfiles.main - INFO - 1 change detected
2025-06-05 13:17:01 - watchfiles.main - INFO - 1 change detected
2025-06-05 13:17:02 - watchfiles.main - INFO - 1 change detected
2025-06-05 13:17:02 - watchfiles.main - INFO - 1 change detected
2025-06-05 13:17:02 - watchfiles.main - INFO - 1 change detected
2025-06-05 13:17:03 - watchfiles.main - INFO - 1 change detected
2025-06-05 13:17:03 - watchfiles.main - INFO - 1 change detected
2025-06-05 13:17:03 - watchfiles.main - INFO - 1 change detected
2025-06-05 13:17:04 - watchfiles.main - INFO - 1 change detected
2025-06-05 13:17:04 - watchfiles.main - INFO - 1 change detected
2025-06-05 13:17:04 - watchfiles.main - INFO - 1 change detected
2025-06-05 13:17:05 - watchfiles.main - INFO - 1 change detected
2025-06-05 13:17:05 - watchfiles.main - INFO - 1 change detected
2025-06-05 13:17:06 - watchfiles.main - INFO - 1 change detected
2025-06-05 13:17:06 - watchfiles.main - INFO - 1 change detected
2025-06-05 13:17:06 - watchfiles.main - INFO - 1 change detected
2025-06-05 13:17:07 - watchfiles.main - INFO - 1 change detected
2025-06-05 13:17:07 - watchfiles.main - INFO - 1 change detected
2025-06-05 13:17:07 - watchfiles.main - INFO - 1 change detected
2025-06-05 13:17:08 - watchfiles.main - INFO - 1 change detected
2025-06-05 13:17:08 - watchfiles.main - INFO - 1 change detected
2025-06-05 13:17:08 - watchfiles.main - INFO - 1 change detected
2025-06-05 13:17:09 - watchfiles.main - INFO - 1 change detected
2025-06-05 13:17:09 - watchfiles.main - INFO - 1 change detected
2025-06-05 13:17:09 - watchfiles.main - INFO - 1 change detected
2025-06-05 13:17:10 - watchfiles.main - INFO - 1 change detected
2025-06-05 13:17:10 - watchfiles.main - INFO - 1 change detected
2025-06-05 13:17:10 - watchfiles.main - INFO - 1 change detected
2025-06-05 13:17:11 - watchfiles.main - INFO - 1 change detected
2025-06-05 13:17:11 - watchfiles.main - INFO - 1 change detected
2025-06-05 13:17:11 - watchfiles.main - INFO - 1 change detected
2025-06-05 13:17:12 - watchfiles.main - INFO - 1 change detected
2025-06-05 13:17:12 - watchfiles.main - INFO - 1 change detected
2025-06-05 13:17:13 - watchfiles.main - INFO - 1 change detected
2025-06-05 13:17:13 - watchfiles.main - INFO - 1 change detected
2025-06-05 13:17:13 - watchfiles.main - INFO - 1 change detected
2025-06-05 13:17:14 - watchfiles.main - INFO - 1 change detected
2025-06-05 13:17:14 - watchfiles.main - INFO - 1 change detected
2025-06-05 13:17:14 - watchfiles.main - INFO - 1 change detected
2025-06-05 13:17:15 - watchfiles.main - INFO - 1 change detected
2025-06-05 13:17:15 - watchfiles.main - INFO - 1 change detected
2025-06-05 13:17:15 - watchfiles.main - INFO - 1 change detected
2025-06-05 13:17:16 - watchfiles.main - INFO - 1 change detected
2025-06-05 13:17:16 - watchfiles.main - INFO - 1 change detected
2025-06-05 13:17:16 - watchfiles.main - INFO - 1 change detected
2025-06-05 13:17:17 - watchfiles.main - INFO - 1 change detected
2025-06-05 13:17:17 - watchfiles.main - INFO - 1 change detected
2025-06-05 13:17:17 - watchfiles.main - INFO - 1 change detected
2025-06-05 13:17:18 - watchfiles.main - INFO - 1 change detected
2025-06-05 13:17:18 - watchfiles.main - INFO - 1 change detected
2025-06-05 13:17:19 - watchfiles.main - INFO - 1 change detected
2025-06-05 13:17:19 - watchfiles.main - INFO - 1 change detected
2025-06-05 13:17:19 - watchfiles.main - INFO - 1 change detected
2025-06-05 13:17:20 - watchfiles.main - INFO - 1 change detected
2025-06-05 13:17:20 - watchfiles.main - INFO - 1 change detected
2025-06-05 13:17:20 - watchfiles.main - INFO - 1 change detected
2025-06-05 13:17:21 - watchfiles.main - INFO - 1 change detected
2025-06-05 13:17:21 - watchfiles.main - INFO - 1 change detected
2025-06-05 13:17:21 - watchfiles.main - INFO - 1 change detected
2025-06-05 13:17:22 - watchfiles.main - INFO - 1 change detected
2025-06-05 13:17:22 - watchfiles.main - INFO - 1 change detected
2025-06-05 13:17:22 - watchfiles.main - INFO - 1 change detected
2025-06-05 13:17:23 - watchfiles.main - INFO - 1 change detected
2025-06-05 13:17:23 - watchfiles.main - INFO - 1 change detected
2025-06-05 13:17:23 - watchfiles.main - INFO - 1 change detected
2025-06-05 13:17:24 - watchfiles.main - INFO - 1 change detected
2025-06-05 13:17:24 - watchfiles.main - INFO - 1 change detected
2025-06-05 13:17:24 - watchfiles.main - INFO - 1 change detected
2025-06-05 13:17:25 - watchfiles.main - INFO - 1 change detected
2025-06-05 13:17:25 - watchfiles.main - INFO - 1 change detected
2025-06-05 13:17:26 - watchfiles.main - INFO - 1 change detected
2025-06-05 13:17:26 - watchfiles.main - INFO - 1 change detected
2025-06-05 13:17:26 - watchfiles.main - INFO - 1 change detected
2025-06-05 13:17:27 - watchfiles.main - INFO - 1 change detected
2025-06-05 13:17:27 - watchfiles.main - INFO - 1 change detected
2025-06-05 13:17:27 - watchfiles.main - INFO - 1 change detected
2025-06-05 13:17:28 - watchfiles.main - INFO - 1 change detected
2025-06-05 13:17:28 - watchfiles.main - INFO - 1 change detected
2025-06-05 13:17:28 - watchfiles.main - INFO - 1 change detected
2025-06-05 13:17:29 - watchfiles.main - INFO - 1 change detected
2025-06-05 13:17:29 - watchfiles.main - INFO - 1 change detected
2025-06-05 13:17:29 - watchfiles.main - INFO - 1 change detected
2025-06-05 13:17:30 - watchfiles.main - INFO - 1 change detected
2025-06-05 13:17:30 - watchfiles.main - INFO - 1 change detected
2025-06-05 13:17:30 - watchfiles.main - INFO - 1 change detected
2025-06-05 13:17:31 - watchfiles.main - INFO - 1 change detected
2025-06-05 13:17:31 - watchfiles.main - INFO - 1 change detected
2025-06-05 13:17:31 - watchfiles.main - INFO - 1 change detected
2025-06-05 13:17:32 - watchfiles.main - INFO - 1 change detected
2025-06-05 13:17:32 - watchfiles.main - INFO - 1 change detected
2025-06-05 13:17:33 - watchfiles.main - INFO - 1 change detected
2025-06-05 13:17:33 - watchfiles.main - INFO - 1 change detected
2025-06-05 13:17:33 - watchfiles.main - INFO - 1 change detected
2025-06-05 13:17:34 - watchfiles.main - INFO - 1 change detected
2025-06-05 13:17:34 - watchfiles.main - INFO - 1 change detected
2025-06-05 13:17:34 - watchfiles.main - INFO - 1 change detected
2025-06-05 13:17:35 - watchfiles.main - INFO - 1 change detected
2025-06-05 13:17:35 - watchfiles.main - INFO - 1 change detected
2025-06-05 13:17:35 - watchfiles.main - INFO - 1 change detected
2025-06-05 13:17:36 - watchfiles.main - INFO - 1 change detected
2025-06-05 13:17:36 - watchfiles.main - INFO - 1 change detected
2025-06-05 13:17:36 - watchfiles.main - INFO - 1 change detected
2025-06-05 13:17:37 - watchfiles.main - INFO - 1 change detected
2025-06-05 13:17:37 - watchfiles.main - INFO - 1 change detected
2025-06-05 13:17:37 - watchfiles.main - INFO - 1 change detected
2025-06-05 13:17:38 - watchfiles.main - INFO - 1 change detected
2025-06-05 13:17:38 - watchfiles.main - INFO - 1 change detected
2025-06-05 13:17:38 - watchfiles.main - INFO - 1 change detected
2025-06-05 13:17:39 - watchfiles.main - INFO - 1 change detected
2025-06-05 13:17:39 - watchfiles.main - INFO - 1 change detected
2025-06-05 13:17:40 - watchfiles.main - INFO - 1 change detected
2025-06-05 13:17:40 - watchfiles.main - INFO - 1 change detected
2025-06-05 13:17:40 - watchfiles.main - INFO - 1 change detected
2025-06-05 13:17:41 - watchfiles.main - INFO - 1 change detected
2025-06-05 13:17:41 - watchfiles.main - INFO - 1 change detected
2025-06-05 13:17:41 - watchfiles.main - INFO - 1 change detected
2025-06-05 13:17:42 - watchfiles.main - INFO - 1 change detected
2025-06-05 13:17:42 - watchfiles.main - INFO - 1 change detected
2025-06-05 13:17:42 - watchfiles.main - INFO - 1 change detected
2025-06-05 13:17:43 - watchfiles.main - INFO - 1 change detected
2025-06-05 13:17:43 - watchfiles.main - INFO - 1 change detected
2025-06-05 13:17:43 - watchfiles.main - INFO - 1 change detected
2025-06-05 13:17:44 - watchfiles.main - INFO - 1 change detected
2025-06-05 13:17:44 - watchfiles.main - INFO - 1 change detected
2025-06-05 13:17:44 - watchfiles.main - INFO - 1 change detected
2025-06-05 13:17:45 - watchfiles.main - INFO - 1 change detected
2025-06-05 13:17:45 - watchfiles.main - INFO - 1 change detected
2025-06-05 13:17:46 - watchfiles.main - INFO - 1 change detected
2025-06-05 13:17:46 - watchfiles.main - INFO - 1 change detected
2025-06-05 13:17:46 - watchfiles.main - INFO - 1 change detected
2025-06-05 13:17:47 - watchfiles.main - INFO - 1 change detected
2025-06-05 13:17:47 - watchfiles.main - INFO - 1 change detected
2025-06-05 13:17:47 - watchfiles.main - INFO - 1 change detected
2025-06-05 13:17:48 - watchfiles.main - INFO - 1 change detected
2025-06-05 13:17:48 - watchfiles.main - INFO - 1 change detected
2025-06-05 13:17:48 - watchfiles.main - INFO - 1 change detected
2025-06-05 13:17:49 - watchfiles.main - INFO - 1 change detected
2025-06-05 13:17:49 - watchfiles.main - INFO - 1 change detected
2025-06-05 13:17:49 - watchfiles.main - INFO - 1 change detected
2025-06-05 13:17:50 - watchfiles.main - INFO - 1 change detected
2025-06-05 13:17:50 - watchfiles.main - INFO - 1 change detected
2025-06-05 13:17:50 - watchfiles.main - INFO - 1 change detected
2025-06-05 13:17:51 - watchfiles.main - INFO - 1 change detected
2025-06-05 13:17:51 - watchfiles.main - INFO - 1 change detected
2025-06-05 13:17:51 - watchfiles.main - INFO - 1 change detected
2025-06-05 13:17:52 - watchfiles.main - INFO - 1 change detected
2025-06-05 13:17:52 - watchfiles.main - INFO - 1 change detected
2025-06-05 13:17:53 - watchfiles.main - INFO - 1 change detected
2025-06-05 13:17:53 - watchfiles.main - INFO - 1 change detected
2025-06-05 13:17:53 - watchfiles.main - INFO - 1 change detected
2025-06-05 13:17:54 - watchfiles.main - INFO - 1 change detected
2025-06-05 13:17:54 - watchfiles.main - INFO - 1 change detected
2025-06-05 13:17:54 - watchfiles.main - INFO - 1 change detected
2025-06-05 13:17:55 - watchfiles.main - INFO - 1 change detected
2025-06-05 13:17:55 - watchfiles.main - INFO - 1 change detected
2025-06-05 13:17:55 - watchfiles.main - INFO - 1 change detected
2025-06-05 13:17:56 - watchfiles.main - INFO - 1 change detected
2025-06-05 13:17:56 - watchfiles.main - INFO - 1 change detected
2025-06-05 13:17:56 - watchfiles.main - INFO - 1 change detected
2025-06-05 13:17:57 - watchfiles.main - INFO - 1 change detected
2025-06-05 13:17:57 - watchfiles.main - INFO - 1 change detected
2025-06-05 13:17:57 - watchfiles.main - INFO - 1 change detected
2025-06-05 13:17:58 - watchfiles.main - INFO - 1 change detected
2025-06-05 13:17:58 - watchfiles.main - INFO - 1 change detected
2025-06-05 13:17:58 - watchfiles.main - INFO - 1 change detected
2025-06-05 13:17:59 - watchfiles.main - INFO - 1 change detected
2025-06-05 13:17:59 - watchfiles.main - INFO - 1 change detected
2025-06-05 13:18:00 - watchfiles.main - INFO - 1 change detected
2025-06-05 13:18:00 - watchfiles.main - INFO - 1 change detected
2025-06-05 13:18:00 - watchfiles.main - INFO - 1 change detected
2025-06-05 13:18:01 - watchfiles.main - INFO - 1 change detected
2025-06-05 13:18:01 - watchfiles.main - INFO - 1 change detected
2025-06-05 13:18:01 - watchfiles.main - INFO - 1 change detected
2025-06-05 13:18:02 - watchfiles.main - INFO - 1 change detected
2025-06-05 13:18:02 - watchfiles.main - INFO - 1 change detected
2025-06-05 13:18:02 - watchfiles.main - INFO - 1 change detected
2025-06-05 13:18:03 - watchfiles.main - INFO - 1 change detected
2025-06-05 13:18:03 - watchfiles.main - INFO - 1 change detected
2025-06-05 13:18:03 - watchfiles.main - INFO - 1 change detected
2025-06-05 13:18:04 - watchfiles.main - INFO - 1 change detected
2025-06-05 13:18:04 - watchfiles.main - INFO - 1 change detected
2025-06-05 13:18:04 - watchfiles.main - INFO - 1 change detected
2025-06-05 13:18:05 - watchfiles.main - INFO - 1 change detected
2025-06-05 13:18:05 - watchfiles.main - INFO - 1 change detected
2025-06-05 13:18:05 - watchfiles.main - INFO - 1 change detected
2025-06-05 13:18:06 - watchfiles.main - INFO - 1 change detected
2025-06-05 13:18:06 - watchfiles.main - INFO - 1 change detected
2025-06-05 13:18:07 - watchfiles.main - INFO - 1 change detected
2025-06-05 13:18:07 - watchfiles.main - INFO - 1 change detected
2025-06-05 13:18:07 - watchfiles.main - INFO - 1 change detected
2025-06-05 13:18:08 - watchfiles.main - INFO - 1 change detected
2025-06-05 13:18:08 - watchfiles.main - INFO - 1 change detected
2025-06-05 13:18:08 - watchfiles.main - INFO - 1 change detected
2025-06-05 13:18:09 - watchfiles.main - INFO - 1 change detected
2025-06-05 13:18:09 - watchfiles.main - INFO - 1 change detected
2025-06-05 13:18:09 - watchfiles.main - INFO - 1 change detected
2025-06-05 13:18:10 - watchfiles.main - INFO - 1 change detected
2025-06-05 13:18:10 - watchfiles.main - INFO - 1 change detected
2025-06-05 13:18:10 - watchfiles.main - INFO - 1 change detected
2025-06-05 13:18:11 - watchfiles.main - INFO - 1 change detected
2025-06-05 13:18:11 - watchfiles.main - INFO - 1 change detected
2025-06-05 13:18:11 - watchfiles.main - INFO - 1 change detected
2025-06-05 13:18:12 - watchfiles.main - INFO - 1 change detected
2025-06-05 13:18:12 - watchfiles.main - INFO - 1 change detected
2025-06-05 13:18:13 - watchfiles.main - INFO - 1 change detected
2025-06-05 13:18:13 - watchfiles.main - INFO - 1 change detected
2025-06-05 13:18:13 - watchfiles.main - INFO - 1 change detected
2025-06-05 13:18:14 - watchfiles.main - INFO - 1 change detected
2025-06-05 13:18:14 - watchfiles.main - INFO - 1 change detected
2025-06-05 13:18:14 - watchfiles.main - INFO - 1 change detected
2025-06-05 13:18:15 - watchfiles.main - INFO - 1 change detected
2025-06-05 13:18:15 - watchfiles.main - INFO - 1 change detected
2025-06-05 13:18:15 - watchfiles.main - INFO - 1 change detected
2025-06-05 13:18:16 - watchfiles.main - INFO - 1 change detected
2025-06-05 13:18:16 - watchfiles.main - INFO - 1 change detected
2025-06-05 13:18:16 - watchfiles.main - INFO - 1 change detected
2025-06-05 13:18:17 - watchfiles.main - INFO - 1 change detected
2025-06-05 13:18:17 - watchfiles.main - INFO - 1 change detected
2025-06-05 13:18:17 - watchfiles.main - INFO - 1 change detected
2025-06-05 13:18:18 - watchfiles.main - INFO - 1 change detected
2025-06-05 13:18:18 - watchfiles.main - INFO - 1 change detected
2025-06-05 13:18:18 - watchfiles.main - INFO - 1 change detected
2025-06-05 13:18:19 - watchfiles.main - INFO - 1 change detected
2025-06-05 13:18:19 - watchfiles.main - INFO - 1 change detected
2025-06-05 13:18:20 - watchfiles.main - INFO - 1 change detected
2025-06-05 13:18:20 - watchfiles.main - INFO - 1 change detected
2025-06-05 13:18:20 - watchfiles.main - INFO - 1 change detected
2025-06-05 13:18:21 - watchfiles.main - INFO - 1 change detected
2025-06-05 13:18:21 - watchfiles.main - INFO - 1 change detected
2025-06-05 13:18:21 - watchfiles.main - INFO - 1 change detected
2025-06-05 13:18:22 - watchfiles.main - INFO - 1 change detected
2025-06-05 13:18:22 - watchfiles.main - INFO - 1 change detected
2025-06-05 13:18:22 - watchfiles.main - INFO - 1 change detected
2025-06-05 13:18:23 - watchfiles.main - INFO - 1 change detected
2025-06-05 13:18:23 - watchfiles.main - INFO - 1 change detected
2025-06-05 13:18:23 - watchfiles.main - INFO - 1 change detected
2025-06-05 13:18:24 - watchfiles.main - INFO - 1 change detected
2025-06-05 13:18:24 - watchfiles.main - INFO - 1 change detected
2025-06-05 13:18:24 - watchfiles.main - INFO - 1 change detected
2025-06-05 13:18:25 - watchfiles.main - INFO - 1 change detected
2025-06-05 13:18:25 - watchfiles.main - INFO - 1 change detected
2025-06-05 13:18:25 - watchfiles.main - INFO - 1 change detected
2025-06-05 13:18:26 - watchfiles.main - INFO - 1 change detected
2025-06-05 13:18:26 - watchfiles.main - INFO - 1 change detected
2025-06-05 13:18:27 - watchfiles.main - INFO - 1 change detected
2025-06-05 13:18:27 - watchfiles.main - INFO - 1 change detected
2025-06-05 13:18:27 - watchfiles.main - INFO - 1 change detected
2025-06-05 13:18:28 - watchfiles.main - INFO - 1 change detected
2025-06-05 13:18:28 - watchfiles.main - INFO - 1 change detected
2025-06-05 13:18:28 - watchfiles.main - INFO - 1 change detected
2025-06-05 13:18:29 - watchfiles.main - INFO - 1 change detected
2025-06-05 13:18:29 - watchfiles.main - INFO - 1 change detected
2025-06-05 13:18:29 - watchfiles.main - INFO - 1 change detected
2025-06-05 13:18:30 - watchfiles.main - INFO - 1 change detected
2025-06-05 13:18:30 - watchfiles.main - INFO - 1 change detected
2025-06-05 13:18:30 - watchfiles.main - INFO - 1 change detected
2025-06-05 13:18:31 - watchfiles.main - INFO - 1 change detected
2025-06-05 13:18:31 - watchfiles.main - INFO - 1 change detected
2025-06-05 13:18:31 - watchfiles.main - INFO - 1 change detected
2025-06-05 13:18:32 - watchfiles.main - INFO - 1 change detected
2025-06-05 13:18:32 - watchfiles.main - INFO - 1 change detected
2025-06-05 13:18:32 - watchfiles.main - INFO - 1 change detected
2025-06-05 13:18:33 - watchfiles.main - INFO - 1 change detected
2025-06-05 13:18:33 - watchfiles.main - INFO - 1 change detected
2025-06-05 13:18:34 - watchfiles.main - INFO - 1 change detected
2025-06-05 13:18:34 - watchfiles.main - INFO - 1 change detected
2025-06-05 13:18:34 - watchfiles.main - INFO - 1 change detected
2025-06-05 13:18:35 - watchfiles.main - INFO - 1 change detected
2025-06-05 13:18:35 - watchfiles.main - INFO - 1 change detected
2025-06-05 13:18:35 - watchfiles.main - INFO - 1 change detected
2025-06-05 13:18:36 - watchfiles.main - INFO - 1 change detected
2025-06-05 13:18:36 - watchfiles.main - INFO - 1 change detected
2025-06-05 13:18:36 - watchfiles.main - INFO - 1 change detected
2025-06-05 13:18:37 - watchfiles.main - INFO - 1 change detected
2025-06-05 13:18:37 - watchfiles.main - INFO - 1 change detected
2025-06-05 13:18:37 - watchfiles.main - INFO - 1 change detected
2025-06-05 13:18:38 - watchfiles.main - INFO - 1 change detected
2025-06-05 13:18:38 - watchfiles.main - INFO - 1 change detected
2025-06-05 13:18:38 - watchfiles.main - INFO - 1 change detected
2025-06-05 13:18:39 - watchfiles.main - INFO - 1 change detected
2025-06-05 13:18:39 - watchfiles.main - INFO - 1 change detected
2025-06-05 13:18:40 - watchfiles.main - INFO - 1 change detected
2025-06-05 13:18:40 - watchfiles.main - INFO - 1 change detected
2025-06-05 13:18:40 - watchfiles.main - INFO - 1 change detected
2025-06-05 13:18:41 - watchfiles.main - INFO - 1 change detected
2025-06-05 13:18:41 - watchfiles.main - INFO - 1 change detected
2025-06-05 13:18:41 - watchfiles.main - INFO - 1 change detected
2025-06-05 13:18:42 - watchfiles.main - INFO - 1 change detected
2025-06-05 13:18:42 - watchfiles.main - INFO - 1 change detected
2025-06-05 13:18:42 - watchfiles.main - INFO - 1 change detected
2025-06-05 13:18:43 - watchfiles.main - INFO - 1 change detected
2025-06-05 13:18:43 - watchfiles.main - INFO - 1 change detected
2025-06-05 13:18:43 - watchfiles.main - INFO - 1 change detected
2025-06-05 13:18:44 - watchfiles.main - INFO - 1 change detected
2025-06-05 13:18:44 - watchfiles.main - INFO - 1 change detected
2025-06-05 13:18:44 - watchfiles.main - INFO - 1 change detected
2025-06-05 13:18:45 - watchfiles.main - INFO - 1 change detected
2025-06-05 13:18:45 - watchfiles.main - INFO - 1 change detected
2025-06-05 13:18:45 - watchfiles.main - INFO - 1 change detected
2025-06-05 13:18:46 - watchfiles.main - INFO - 1 change detected
2025-06-05 13:18:46 - watchfiles.main - INFO - 1 change detected
2025-06-05 13:18:47 - watchfiles.main - INFO - 1 change detected
2025-06-05 13:18:47 - watchfiles.main - INFO - 1 change detected
2025-06-05 13:18:47 - watchfiles.main - INFO - 1 change detected
2025-06-05 13:18:48 - watchfiles.main - INFO - 1 change detected
2025-06-05 13:18:48 - watchfiles.main - INFO - 1 change detected
2025-06-05 13:18:48 - watchfiles.main - INFO - 1 change detected
2025-06-05 13:18:49 - watchfiles.main - INFO - 1 change detected
2025-06-05 13:18:49 - watchfiles.main - INFO - 1 change detected
2025-06-05 13:18:49 - watchfiles.main - INFO - 1 change detected
2025-06-05 13:18:50 - watchfiles.main - INFO - 1 change detected
2025-06-05 13:18:50 - watchfiles.main - INFO - 1 change detected
2025-06-05 13:18:50 - watchfiles.main - INFO - 1 change detected
2025-06-05 13:18:51 - watchfiles.main - INFO - 1 change detected
2025-06-05 13:18:51 - watchfiles.main - INFO - 1 change detected
2025-06-05 13:18:51 - watchfiles.main - INFO - 1 change detected
2025-06-05 13:18:52 - watchfiles.main - INFO - 1 change detected
2025-06-05 13:18:52 - watchfiles.main - INFO - 1 change detected
2025-06-05 13:18:52 - watchfiles.main - INFO - 1 change detected
2025-06-05 13:18:53 - watchfiles.main - INFO - 1 change detected
2025-06-05 13:18:53 - watchfiles.main - INFO - 1 change detected
2025-06-05 13:18:54 - watchfiles.main - INFO - 1 change detected
2025-06-05 13:18:54 - watchfiles.main - INFO - 1 change detected
2025-06-05 13:18:54 - watchfiles.main - INFO - 1 change detected
2025-06-05 13:18:55 - watchfiles.main - INFO - 1 change detected
2025-06-05 13:18:55 - watchfiles.main - INFO - 1 change detected
2025-06-05 13:18:55 - watchfiles.main - INFO - 1 change detected
2025-06-05 13:18:56 - watchfiles.main - INFO - 1 change detected
2025-06-05 13:18:56 - watchfiles.main - INFO - 1 change detected
2025-06-05 13:18:56 - watchfiles.main - INFO - 1 change detected
2025-06-05 13:18:57 - watchfiles.main - INFO - 1 change detected
2025-06-05 13:18:57 - watchfiles.main - INFO - 1 change detected
2025-06-05 13:18:57 - watchfiles.main - INFO - 1 change detected
2025-06-05 13:18:58 - watchfiles.main - INFO - 1 change detected
2025-06-05 13:18:58 - watchfiles.main - INFO - 1 change detected
2025-06-05 13:18:58 - watchfiles.main - INFO - 1 change detected
2025-06-05 13:18:59 - watchfiles.main - INFO - 1 change detected
2025-06-05 13:18:59 - watchfiles.main - INFO - 1 change detected
2025-06-05 13:18:59 - watchfiles.main - INFO - 1 change detected
2025-06-05 13:19:00 - watchfiles.main - INFO - 1 change detected
2025-06-05 13:19:00 - watchfiles.main - INFO - 1 change detected
2025-06-05 13:19:01 - watchfiles.main - INFO - 1 change detected
2025-06-05 13:19:01 - watchfiles.main - INFO - 1 change detected
2025-06-05 13:19:01 - watchfiles.main - INFO - 1 change detected
2025-06-05 13:19:02 - watchfiles.main - INFO - 1 change detected
2025-06-05 13:19:02 - watchfiles.main - INFO - 1 change detected
2025-06-05 13:19:02 - watchfiles.main - INFO - 1 change detected
2025-06-05 13:19:03 - watchfiles.main - INFO - 1 change detected
2025-06-05 13:19:03 - watchfiles.main - INFO - 1 change detected
2025-06-05 13:19:03 - watchfiles.main - INFO - 1 change detected
2025-06-05 13:19:04 - watchfiles.main - INFO - 1 change detected
2025-06-05 13:19:04 - watchfiles.main - INFO - 1 change detected
2025-06-05 13:19:04 - watchfiles.main - INFO - 1 change detected
2025-06-05 13:19:05 - watchfiles.main - INFO - 1 change detected
2025-06-05 13:19:05 - watchfiles.main - INFO - 1 change detected
2025-06-05 13:19:05 - watchfiles.main - INFO - 1 change detected
2025-06-05 13:19:06 - watchfiles.main - INFO - 1 change detected
2025-06-05 13:19:06 - watchfiles.main - INFO - 1 change detected
2025-06-05 13:19:07 - watchfiles.main - INFO - 1 change detected
2025-06-05 13:19:07 - watchfiles.main - INFO - 1 change detected
2025-06-05 13:19:07 - watchfiles.main - INFO - 1 change detected
2025-06-05 13:19:08 - watchfiles.main - INFO - 1 change detected
2025-06-05 13:19:08 - watchfiles.main - INFO - 1 change detected
2025-06-05 13:19:08 - watchfiles.main - INFO - 1 change detected
2025-06-05 13:19:09 - watchfiles.main - INFO - 1 change detected
2025-06-05 13:19:09 - watchfiles.main - INFO - 1 change detected
2025-06-05 13:19:09 - watchfiles.main - INFO - 1 change detected
2025-06-05 13:19:10 - watchfiles.main - INFO - 1 change detected
2025-06-05 13:19:10 - watchfiles.main - INFO - 1 change detected
2025-06-05 13:19:10 - watchfiles.main - INFO - 1 change detected
2025-06-05 13:19:11 - watchfiles.main - INFO - 1 change detected
2025-06-05 13:19:11 - watchfiles.main - INFO - 1 change detected
2025-06-05 13:19:11 - watchfiles.main - INFO - 1 change detected
2025-06-05 13:19:12 - watchfiles.main - INFO - 1 change detected
2025-06-05 13:19:12 - watchfiles.main - INFO - 1 change detected
2025-06-05 13:19:12 - watchfiles.main - INFO - 1 change detected
2025-06-05 13:19:13 - watchfiles.main - INFO - 1 change detected
2025-06-05 13:19:13 - watchfiles.main - INFO - 1 change detected
2025-06-05 13:19:14 - watchfiles.main - INFO - 1 change detected
2025-06-05 13:19:14 - watchfiles.main - INFO - 1 change detected
2025-06-05 13:19:14 - watchfiles.main - INFO - 1 change detected
2025-06-05 13:19:15 - watchfiles.main - INFO - 1 change detected
2025-06-05 13:19:15 - watchfiles.main - INFO - 1 change detected
2025-06-05 13:19:15 - watchfiles.main - INFO - 1 change detected
2025-06-05 13:19:16 - watchfiles.main - INFO - 1 change detected
2025-06-05 13:19:16 - watchfiles.main - INFO - 1 change detected
2025-06-05 13:19:16 - watchfiles.main - INFO - 1 change detected
2025-06-05 13:19:17 - watchfiles.main - INFO - 1 change detected
2025-06-05 13:19:17 - watchfiles.main - INFO - 1 change detected
2025-06-05 13:19:17 - watchfiles.main - INFO - 1 change detected
2025-06-05 13:19:18 - watchfiles.main - INFO - 1 change detected
2025-06-05 13:19:18 - watchfiles.main - INFO - 1 change detected
2025-06-05 13:19:18 - watchfiles.main - INFO - 1 change detected
2025-06-05 13:19:19 - watchfiles.main - INFO - 1 change detected
2025-06-05 13:19:19 - watchfiles.main - INFO - 1 change detected
2025-06-05 13:19:19 - watchfiles.main - INFO - 1 change detected
2025-06-05 13:19:20 - watchfiles.main - INFO - 1 change detected
2025-06-05 13:19:20 - watchfiles.main - INFO - 1 change detected
2025-06-05 13:19:21 - watchfiles.main - INFO - 1 change detected
2025-06-05 13:19:21 - watchfiles.main - INFO - 1 change detected
2025-06-05 13:19:21 - watchfiles.main - INFO - 1 change detected
2025-06-05 13:19:22 - watchfiles.main - INFO - 1 change detected
2025-06-05 13:19:22 - watchfiles.main - INFO - 1 change detected
2025-06-05 13:19:22 - watchfiles.main - INFO - 1 change detected
2025-06-05 13:19:23 - watchfiles.main - INFO - 1 change detected
2025-06-05 13:19:23 - watchfiles.main - INFO - 1 change detected
2025-06-05 13:19:23 - watchfiles.main - INFO - 4 changes detected
2025-06-05 13:19:24 - watchfiles.main - INFO - 1 change detected
2025-06-05 13:19:24 - watchfiles.main - INFO - 1 change detected
2025-06-05 13:19:24 - watchfiles.main - INFO - 1 change detected
2025-06-05 13:19:25 - watchfiles.main - INFO - 1 change detected
2025-06-05 13:19:25 - watchfiles.main - INFO - 1 change detected
2025-06-05 13:19:25 - watchfiles.main - INFO - 1 change detected
2025-06-05 13:19:26 - watchfiles.main - INFO - 1 change detected
2025-06-05 13:19:26 - watchfiles.main - INFO - 1 change detected
2025-06-05 13:19:26 - watchfiles.main - INFO - 1 change detected
2025-06-05 13:19:27 - watchfiles.main - INFO - 1 change detected
2025-06-05 13:19:27 - watchfiles.main - INFO - 1 change detected
2025-06-05 13:19:28 - watchfiles.main - INFO - 1 change detected
2025-06-05 13:19:28 - watchfiles.main - INFO - 1 change detected
2025-06-05 13:19:28 - watchfiles.main - INFO - 1 change detected
2025-06-05 13:19:29 - watchfiles.main - INFO - 1 change detected
2025-06-05 13:19:29 - watchfiles.main - INFO - 1 change detected
2025-06-05 13:19:29 - watchfiles.main - INFO - 1 change detected
2025-06-05 13:19:30 - watchfiles.main - INFO - 1 change detected
2025-06-05 13:19:30 - watchfiles.main - INFO - 1 change detected
2025-06-05 13:19:30 - watchfiles.main - INFO - 1 change detected
2025-06-05 13:19:31 - watchfiles.main - INFO - 1 change detected
2025-06-05 13:19:31 - watchfiles.main - INFO - 1 change detected
2025-06-05 13:19:31 - watchfiles.main - INFO - 1 change detected
2025-06-05 13:19:32 - watchfiles.main - INFO - 1 change detected
2025-06-05 13:19:32 - watchfiles.main - INFO - 1 change detected
2025-06-05 13:19:32 - watchfiles.main - INFO - 1 change detected
2025-06-05 13:19:33 - watchfiles.main - INFO - 1 change detected
2025-06-05 13:19:33 - watchfiles.main - INFO - 1 change detected
2025-06-05 13:19:34 - watchfiles.main - INFO - 1 change detected
2025-06-05 13:19:34 - watchfiles.main - INFO - 1 change detected
2025-06-05 13:19:34 - watchfiles.main - INFO - 1 change detected
2025-06-05 13:19:35 - watchfiles.main - INFO - 1 change detected
2025-06-05 13:19:35 - watchfiles.main - INFO - 1 change detected
2025-06-05 13:19:35 - watchfiles.main - INFO - 1 change detected
2025-06-05 13:19:36 - watchfiles.main - INFO - 1 change detected
2025-06-05 13:19:36 - watchfiles.main - INFO - 1 change detected
2025-06-05 13:19:36 - watchfiles.main - INFO - 1 change detected
2025-06-05 13:19:37 - watchfiles.main - INFO - 1 change detected
2025-06-05 13:19:37 - watchfiles.main - INFO - 1 change detected
2025-06-05 13:19:37 - watchfiles.main - INFO - 1 change detected
2025-06-05 13:19:38 - watchfiles.main - INFO - 1 change detected
2025-06-05 13:19:38 - watchfiles.main - INFO - 1 change detected
2025-06-05 13:19:38 - watchfiles.main - INFO - 1 change detected
2025-06-05 13:19:39 - watchfiles.main - INFO - 1 change detected
2025-06-05 13:19:39 - watchfiles.main - INFO - 1 change detected
2025-06-05 13:19:39 - watchfiles.main - INFO - 1 change detected
2025-06-05 13:19:40 - watchfiles.main - INFO - 1 change detected
2025-06-05 13:19:40 - watchfiles.main - INFO - 1 change detected
2025-06-05 13:19:41 - watchfiles.main - INFO - 1 change detected
2025-06-05 13:19:41 - watchfiles.main - INFO - 1 change detected
2025-06-05 13:19:41 - watchfiles.main - INFO - 1 change detected
2025-06-05 13:19:42 - watchfiles.main - INFO - 1 change detected
2025-06-05 13:19:42 - watchfiles.main - INFO - 1 change detected
2025-06-05 13:19:42 - watchfiles.main - INFO - 1 change detected
2025-06-05 13:19:43 - watchfiles.main - INFO - 1 change detected
2025-06-05 13:19:43 - watchfiles.main - INFO - 1 change detected
2025-06-05 13:19:43 - watchfiles.main - INFO - 1 change detected
2025-06-05 13:19:44 - watchfiles.main - INFO - 1 change detected
2025-06-05 13:19:44 - watchfiles.main - INFO - 1 change detected
2025-06-05 13:19:44 - watchfiles.main - INFO - 1 change detected
2025-06-05 13:19:45 - watchfiles.main - INFO - 1 change detected
2025-06-05 13:19:45 - watchfiles.main - INFO - 1 change detected
2025-06-05 13:19:45 - watchfiles.main - INFO - 1 change detected
2025-06-05 13:19:46 - watchfiles.main - INFO - 1 change detected
2025-06-05 13:19:46 - watchfiles.main - INFO - 1 change detected
2025-06-05 13:19:46 - watchfiles.main - INFO - 1 change detected
2025-06-05 13:19:47 - watchfiles.main - INFO - 1 change detected
2025-06-05 13:19:47 - watchfiles.main - INFO - 1 change detected
2025-06-05 13:19:48 - watchfiles.main - INFO - 1 change detected
2025-06-05 13:19:48 - watchfiles.main - INFO - 1 change detected
2025-06-05 13:19:48 - watchfiles.main - INFO - 1 change detected
2025-06-05 13:19:49 - watchfiles.main - INFO - 1 change detected
2025-06-05 13:19:49 - watchfiles.main - INFO - 1 change detected
2025-06-05 13:19:49 - watchfiles.main - INFO - 1 change detected
2025-06-05 13:19:50 - watchfiles.main - INFO - 1 change detected
2025-06-05 13:19:50 - watchfiles.main - INFO - 1 change detected
2025-06-05 13:19:50 - watchfiles.main - INFO - 1 change detected
2025-06-05 13:19:51 - watchfiles.main - INFO - 1 change detected
2025-06-05 13:19:51 - watchfiles.main - INFO - 1 change detected
2025-06-05 13:19:51 - watchfiles.main - INFO - 1 change detected
2025-06-05 13:19:52 - watchfiles.main - INFO - 1 change detected
2025-06-05 13:19:52 - watchfiles.main - INFO - 1 change detected
2025-06-05 13:19:52 - watchfiles.main - INFO - 1 change detected
2025-06-05 13:19:53 - watchfiles.main - INFO - 1 change detected
2025-06-05 13:19:53 - watchfiles.main - INFO - 1 change detected
2025-06-05 13:19:53 - watchfiles.main - INFO - 1 change detected
2025-06-05 13:19:54 - watchfiles.main - INFO - 1 change detected
2025-06-05 13:19:54 - watchfiles.main - INFO - 1 change detected
2025-06-05 13:19:55 - watchfiles.main - INFO - 1 change detected
2025-06-05 13:19:55 - watchfiles.main - INFO - 1 change detected
2025-06-05 13:19:55 - watchfiles.main - INFO - 1 change detected
2025-06-05 13:19:56 - watchfiles.main - INFO - 1 change detected
2025-06-05 13:19:56 - watchfiles.main - INFO - 1 change detected
2025-06-05 13:19:56 - watchfiles.main - INFO - 1 change detected
2025-06-05 13:19:57 - watchfiles.main - INFO - 1 change detected
2025-06-05 13:19:57 - watchfiles.main - INFO - 1 change detected
2025-06-05 13:19:57 - watchfiles.main - INFO - 1 change detected
2025-06-05 13:19:58 - watchfiles.main - INFO - 1 change detected
2025-06-05 13:19:58 - watchfiles.main - INFO - 1 change detected
2025-06-05 13:19:58 - watchfiles.main - INFO - 1 change detected
2025-06-05 13:19:59 - watchfiles.main - INFO - 1 change detected
2025-06-05 13:19:59 - watchfiles.main - INFO - 1 change detected
2025-06-05 13:19:59 - watchfiles.main - INFO - 1 change detected
2025-06-05 13:20:00 - watchfiles.main - INFO - 1 change detected
2025-06-05 13:20:00 - watchfiles.main - INFO - 1 change detected
2025-06-05 13:20:01 - watchfiles.main - INFO - 1 change detected
2025-06-05 13:20:01 - watchfiles.main - INFO - 1 change detected
2025-06-05 13:20:01 - watchfiles.main - INFO - 1 change detected
2025-06-05 13:20:02 - watchfiles.main - INFO - 1 change detected
2025-06-05 13:20:02 - watchfiles.main - INFO - 1 change detected
2025-06-05 13:20:02 - watchfiles.main - INFO - 1 change detected
2025-06-05 13:20:03 - watchfiles.main - INFO - 1 change detected
2025-06-05 13:20:03 - watchfiles.main - INFO - 1 change detected
2025-06-05 13:20:03 - watchfiles.main - INFO - 1 change detected
2025-06-05 13:20:04 - watchfiles.main - INFO - 1 change detected
2025-06-05 13:20:04 - watchfiles.main - INFO - 1 change detected
2025-06-05 13:20:04 - watchfiles.main - INFO - 1 change detected
2025-06-05 13:20:05 - watchfiles.main - INFO - 1 change detected
2025-06-05 13:20:05 - watchfiles.main - INFO - 1 change detected
2025-06-05 13:20:05 - watchfiles.main - INFO - 1 change detected
2025-06-05 13:20:06 - watchfiles.main - INFO - 1 change detected
2025-06-05 13:20:06 - watchfiles.main - INFO - 1 change detected
2025-06-05 13:20:06 - watchfiles.main - INFO - 1 change detected
2025-06-05 13:20:07 - watchfiles.main - INFO - 1 change detected
2025-06-05 13:20:07 - watchfiles.main - INFO - 1 change detected
2025-06-05 13:20:08 - watchfiles.main - INFO - 1 change detected
2025-06-05 13:20:08 - watchfiles.main - INFO - 1 change detected
